[W 2025-02-27 05:54:15.379 ServerApp] A `_jupyter_server_extension_points` function was not found in jupyter_lsp. Instead, a `_jupyter_server_extension_paths` function was found and will be used for now. This function name will be deprecated in future releases of Jupyter Server.
[W 2025-02-27 05:54:15.513 ServerApp] A `_jupyter_server_extension_points` function was not found in notebook_shim. Instead, a `_jupyter_server_extension_paths` function was found and will be used for now. This function name will be deprecated in future releases of Jupyter Server.
[I 2025-02-27 05:54:16.616 ServerApp] Extension package panel.io.jupyter_server_extension took 1.1027s to import
[I 2025-02-27 05:54:16.617 ServerApp] jupyter_lsp | extension was successfully linked.
[I 2025-02-27 05:54:16.623 ServerApp] jupyter_server_terminals | extension was successfully linked.
[I 2025-02-27 05:54:16.627 ServerApp] jupyterlab | extension was successfully linked.
[I 2025-02-27 05:54:16.634 ServerApp] notebook | extension was successfully linked.
[I 2025-02-27 05:54:16.982 ServerApp] notebook_shim | extension was successfully linked.
[I 2025-02-27 05:54:16.982 ServerApp] panel.io.jupyter_server_extension | extension was successfully linked.
[I 2025-02-27 05:54:17.001 ServerApp] notebook_shim | extension was successfully loaded.
[I 2025-02-27 05:54:17.003 ServerApp] jupyter_lsp | extension was successfully loaded.
[I 2025-02-27 05:54:17.004 ServerApp] jupyter_server_terminals | extension was successfully loaded.
[I 2025-02-27 05:54:17.007 LabApp] JupyterLab extension loaded from /home/bill/anaconda3/lib/python3.12/site-packages/jupyterlab
[I 2025-02-27 05:54:17.007 LabApp] JupyterLab application directory is /home/bill/anaconda3/share/jupyter/lab
[I 2025-02-27 05:54:17.007 LabApp] Extension Manager is 'pypi'.
[I 2025-02-27 05:54:17.021 ServerApp] jupyterlab | extension was successfully loaded.
[I 2025-02-27 05:54:17.025 ServerApp] notebook | extension was successfully loaded.
[I 2025-02-27 05:54:17.026 ServerApp] panel.io.jupyter_server_extension | extension was successfully loaded.
[I 2025-02-27 05:54:17.027 ServerApp] The port 8888 is already in use, trying another port.
[I 2025-02-27 05:54:17.027 ServerApp] Serving notebooks from local directory: /home/bill/code/AI
[I 2025-02-27 05:54:17.027 ServerApp] Jupyter Server 2.14.1 is running at:
[I 2025-02-27 05:54:17.027 ServerApp] http://localhost:8889/tree?token=b9d8f46225623a8c65dd8d6a62fc4f6ef91c645c7d86302f
[I 2025-02-27 05:54:17.027 ServerApp]     http://127.0.0.1:8889/tree?token=b9d8f46225623a8c65dd8d6a62fc4f6ef91c645c7d86302f
[I 2025-02-27 05:54:17.027 ServerApp] Use Control-C to stop this server and shut down all kernels (twice to skip confirmation).
[C 2025-02-27 05:54:17.030 ServerApp] 
    
    To access the server, open this file in a browser:
        file:///home/bill/.local/share/jupyter/runtime/jpserver-656613-open.html
    Or copy and paste one of these URLs:
        http://localhost:8889/tree?token=b9d8f46225623a8c65dd8d6a62fc4f6ef91c645c7d86302f
        http://127.0.0.1:8889/tree?token=b9d8f46225623a8c65dd8d6a62fc4f6ef91c645c7d86302f
[W 2025-02-27 05:54:17.077 ServerApp] Could not determine npm prefix: Command '['npm', 'prefix', '-g']' returned non-zero exit status 127.
[I 2025-02-27 05:54:17.084 ServerApp] Skipped non-installed server(s): bash-language-server, dockerfile-language-server-nodejs, javascript-typescript-langserver, jedi-language-server, julia-language-server, pyright, python-language-server, r-languageserver, sql-language-server, texlab, typescript-language-server, unified-language-server, vscode-css-languageserver-bin, vscode-html-languageserver-bin, vscode-json-languageserver-bin, yaml-language-server
[C 2025-02-27 05:55:12.205 ServerApp] received signal 15, stopping
[I 2025-02-27 05:55:12.206 ServerApp] Shutting down 6 extensions
